Arguments: 
  C:\Program Files\nodejs\node.exe C:\Users\Cansu\AppData\Roaming\npm\node_modules\yarn\bin\yarn.js add babel-preset-react@6.24.1 babel-present-env@1.5.2

PATH: 
  C:\Program Files (x86)\Common Files\Oracle\Java\javapath;C:\ProgramData\DockerDesktop\version-bin;C:\Program Files\Docker\Docker\Resources\bin;C:\windows\system32;C:\windows;C:\windows\System32\Wbem;C:\windows\System32\WindowsPowerShell\v1.0\;C:\windows\System32\OpenSSH\;C:\Program Files (x86)\NVIDIA Corporation\PhysX\Common;C:\Program Files\NVIDIA Corporation\NVIDIA NvDLISR;C:\Program Files\dotnet\;C:\Program Files\Microsoft SQL Server\130\Tools\Binn\;C:\Program Files\Microsoft SQL Server\Client SDK\ODBC\170\Tools\Binn\;C:\Program Files\Microsoft SQL Server\Client SDK\ODBC\130\Tools\Binn\;C:\Program Files (x86)\Microsoft SQL Server\140\Tools\Binn\;C:\Program Files\Microsoft SQL Server\140\Tools\Binn\;C:\Program Files\Microsoft SQL Server\140\DTS\Binn\;C:\Program Files\nodejs\;C:\Program Files\Git\cmd;C:\Program Files\PuTTY\;C:\Users\Cansu\AppData\Local\Microsoft\WindowsApps;C:\Users\Cansu\.dotnet\tools;C:\Users\Cansu\AppData\Local\GitHubDesktop\bin;C:\ProgramData\Cansu\GitHubDesktop\bin;C:\Users\Cansu\AppData\Local\Programs\Microsoft VS Code\bin;C:\Users\Cansu\AppData\Roaming\npm

Yarn version: 
  1.19.1

Node version: 
  10.16.3

Platform: 
  win32 x64

Trace: 
  Error: https://registry.yarnpkg.com/babel-present-env: Not found
      at Request.params.callback [as _callback] (C:\Users\Cansu\AppData\Roaming\npm\node_modules\yarn\lib\cli.js:66926:18)
      at Request.self.callback (C:\Users\Cansu\AppData\Roaming\npm\node_modules\yarn\lib\cli.js:140564:22)
      at Request.emit (events.js:198:13)
      at Request.<anonymous> (C:\Users\Cansu\AppData\Roaming\npm\node_modules\yarn\lib\cli.js:141536:10)
      at Request.emit (events.js:198:13)
      at IncomingMessage.<anonymous> (C:\Users\Cansu\AppData\Roaming\npm\node_modules\yarn\lib\cli.js:141458:12)
      at Object.onceWrapper (events.js:286:20)
      at IncomingMessage.emit (events.js:203:15)
      at endReadableNT (_stream_readable.js:1145:12)
      at process._tickCallback (internal/process/next_tick.js:63:19)

npm manifest: 
  {
    "name": "eersteApp",
    "version": "1.0.0",
    "main": "index.js",
    "author": "Cansu Pakel",
    "license": "MIT"
  }

yarn manifest: 
  No manifest

Lockfile: 
  No lockfile
